Name                                                                                 Stmts   Miss  Cover
--------------------------------------------------------------------------------------------------------
config\__init__.py                                                                       0      0   100%
config\settings.py                                                                      38      0   100%
config\urls.py                                                                           5      0   100%
main\__init__.py                                                                         0      0   100%
main\admin.py                                                                           11      0   100%
main\apps.py                                                                             4      0   100%
main\forms.py                                                                           11      3    73%
main\migrations\0001_initial.py                                                          7      0   100%
main\migrations\0002_alter_record_record_date_alter_record_record_time_and_more.py       6      0   100%
main\migrations\0003_alter_record_record_date.py                                         6      0   100%
main\migrations\__init__.py                                                              0      0   100%
main\models.py                                                                          43      3    93%
main\templatetags\my_tags.py                                                             7      3    57%
main\tests.py                                                                           22      0   100%
main\urls.py                                                                             5      0   100%
main\views.py                                                                          100     44    56%
manage.py                                                                               11      2    82%
users\__init__.py                                                                        0      0   100%
users\admin.py                                                                           5      0   100%
users\apps.py                                                                            4      0   100%
users\forms.py                                                                           7      0   100%
users\management\__init__.py                                                             0      0   100%
users\management\commands\__init__.py                                                    0      0   100%
users\migrations\0001_initial.py                                                         7      0   100%
users\migrations\__init__.py                                                             0      0   100%
users\models.py                                                                         19      0   100%
users\tests.py                                                                          26      0   100%
users\urls.py                                                                            6      0   100%
users\views.py                                                                          32     16    50%
--------------------------------------------------------------------------------------------------------
TOTAL                                                                                  382     71    81%
